2022-11-21 17:46:00.625 | INFO     | __main__:<module>:74 - 
Current test acc:, 0.8271
2022-11-21 17:46:00.626 | INFO     | __main__:<module>:75 - 
Current train acc:, 0.8062
2022-11-21 17:46:00.626 | INFO     | __main__:<module>:78 - 
Saving best model with accurracy  0.83 for epoch: 1

2022-11-21 17:46:00.652 | INFO     | __main__:<module>:85 - Epoch 001, Loss: 0.4090, Test: 0.8271
2022-11-21 17:52:49.490 | INFO     | __main__:<module>:74 - 
Current test acc:, 0.8308
2022-11-21 17:52:49.490 | INFO     | __main__:<module>:75 - 
Current train acc:, 0.8334
2022-11-21 17:52:49.491 | INFO     | __main__:<module>:78 - 
Saving best model with accurracy  0.83 for epoch: 2

2022-11-21 17:52:49.516 | INFO     | __main__:<module>:85 - Epoch 002, Loss: 0.3646, Test: 0.8308
2022-11-21 17:59:37.974 | INFO     | __main__:<module>:74 - 
Current test acc:, 0.8433
2022-11-21 17:59:37.974 | INFO     | __main__:<module>:75 - 
Current train acc:, 0.8399
2022-11-21 17:59:37.975 | INFO     | __main__:<module>:78 - 
Saving best model with accurracy  0.84 for epoch: 3

2022-11-21 17:59:37.998 | INFO     | __main__:<module>:85 - Epoch 003, Loss: 0.3525, Test: 0.8433
2022-11-21 18:06:26.596 | INFO     | __main__:<module>:74 - 
Current test acc:, 0.8360
2022-11-21 18:06:26.596 | INFO     | __main__:<module>:75 - 
Current train acc:, 0.8433
2022-11-21 18:06:26.597 | INFO     | __main__:<module>:85 - Epoch 004, Loss: 0.3451, Test: 0.8360
2022-11-21 18:13:15.182 | INFO     | __main__:<module>:74 - 
Current test acc:, 0.8504
2022-11-21 18:13:15.182 | INFO     | __main__:<module>:75 - 
Current train acc:, 0.8472
2022-11-21 18:13:15.182 | INFO     | __main__:<module>:78 - 
Saving best model with accurracy  0.85 for epoch: 5

2022-11-21 18:13:15.206 | INFO     | __main__:<module>:85 - Epoch 005, Loss: 0.3375, Test: 0.8504
2022-11-21 18:20:03.765 | INFO     | __main__:<module>:74 - 
Current test acc:, 0.8490
2022-11-21 18:20:03.765 | INFO     | __main__:<module>:75 - 
Current train acc:, 0.8496
2022-11-21 18:20:03.765 | INFO     | __main__:<module>:85 - Epoch 006, Loss: 0.3328, Test: 0.8490
2022-11-21 18:26:52.444 | INFO     | __main__:<module>:74 - 
Current test acc:, 0.8524
2022-11-21 18:26:52.444 | INFO     | __main__:<module>:75 - 
Current train acc:, 0.8520
2022-11-21 18:26:52.444 | INFO     | __main__:<module>:78 - 
Saving best model with accurracy  0.85 for epoch: 7

2022-11-21 18:26:52.475 | INFO     | __main__:<module>:85 - Epoch 007, Loss: 0.3290, Test: 0.8524
2022-11-21 18:33:41.157 | INFO     | __main__:<module>:74 - 
Current test acc:, 0.8478
2022-11-21 18:33:41.157 | INFO     | __main__:<module>:75 - 
Current train acc:, 0.8517
2022-11-21 18:33:41.157 | INFO     | __main__:<module>:85 - Epoch 008, Loss: 0.3277, Test: 0.8478
2022-11-21 18:40:29.954 | INFO     | __main__:<module>:74 - 
Current test acc:, 0.8580
2022-11-21 18:40:29.955 | INFO     | __main__:<module>:75 - 
Current train acc:, 0.8554
2022-11-21 18:40:29.955 | INFO     | __main__:<module>:78 - 
Saving best model with accurracy  0.86 for epoch: 9

2022-11-21 18:40:30.008 | INFO     | __main__:<module>:85 - Epoch 009, Loss: 0.3219, Test: 0.8580
2022-11-21 18:47:18.666 | INFO     | __main__:<module>:74 - 
Current test acc:, 0.8519
2022-11-21 18:47:18.667 | INFO     | __main__:<module>:75 - 
Current train acc:, 0.8572
2022-11-21 18:47:18.667 | INFO     | __main__:<module>:85 - Epoch 010, Loss: 0.3187, Test: 0.8519
2022-11-21 18:54:07.585 | INFO     | __main__:<module>:74 - 
Current test acc:, 0.8568
2022-11-21 18:54:07.585 | INFO     | __main__:<module>:75 - 
Current train acc:, 0.8578
2022-11-21 18:54:07.586 | INFO     | __main__:<module>:85 - Epoch 011, Loss: 0.3164, Test: 0.8568
2022-11-21 19:00:56.501 | INFO     | __main__:<module>:74 - 
Current test acc:, 0.8550
2022-11-21 19:00:56.501 | INFO     | __main__:<module>:75 - 
Current train acc:, 0.8604
2022-11-21 19:00:56.502 | INFO     | __main__:<module>:85 - Epoch 012, Loss: 0.3126, Test: 0.8550
2022-11-21 19:07:45.341 | INFO     | __main__:<module>:74 - 
Current test acc:, 0.8596
2022-11-21 19:07:45.341 | INFO     | __main__:<module>:75 - 
Current train acc:, 0.8620
2022-11-21 19:07:45.341 | INFO     | __main__:<module>:78 - 
Saving best model with accurracy  0.86 for epoch: 13

2022-11-21 19:07:45.372 | INFO     | __main__:<module>:85 - Epoch 013, Loss: 0.3077, Test: 0.8596
2022-11-21 19:14:34.259 | INFO     | __main__:<module>:74 - 
Current test acc:, 0.8601
2022-11-21 19:14:34.260 | INFO     | __main__:<module>:75 - 
Current train acc:, 0.8642
2022-11-21 19:14:34.260 | INFO     | __main__:<module>:78 - 
Saving best model with accurracy  0.86 for epoch: 14

2022-11-21 19:14:34.286 | INFO     | __main__:<module>:85 - Epoch 014, Loss: 0.3061, Test: 0.8601
2022-11-21 19:21:23.171 | INFO     | __main__:<module>:74 - 
Current test acc:, 0.8590
2022-11-21 19:21:23.172 | INFO     | __main__:<module>:75 - 
Current train acc:, 0.8649
2022-11-21 19:21:23.172 | INFO     | __main__:<module>:85 - Epoch 015, Loss: 0.3040, Test: 0.8590
2022-11-21 19:28:12.093 | INFO     | __main__:<module>:74 - 
Current test acc:, 0.8599
2022-11-21 19:28:12.093 | INFO     | __main__:<module>:75 - 
Current train acc:, 0.8674
2022-11-21 19:28:12.094 | INFO     | __main__:<module>:85 - Epoch 016, Loss: 0.2986, Test: 0.8599
2022-11-21 19:35:00.941 | INFO     | __main__:<module>:74 - 
Current test acc:, 0.8616
2022-11-21 19:35:00.941 | INFO     | __main__:<module>:75 - 
Current train acc:, 0.8694
2022-11-21 19:35:00.941 | INFO     | __main__:<module>:78 - 
Saving best model with accurracy  0.86 for epoch: 17

2022-11-21 19:35:00.967 | INFO     | __main__:<module>:85 - Epoch 017, Loss: 0.2945, Test: 0.8616
2022-11-21 19:41:49.901 | INFO     | __main__:<module>:74 - 
Current test acc:, 0.8619
2022-11-21 19:41:49.902 | INFO     | __main__:<module>:75 - 
Current train acc:, 0.8710
2022-11-21 19:41:49.902 | INFO     | __main__:<module>:78 - 
Saving best model with accurracy  0.86 for epoch: 18

2022-11-21 19:41:49.928 | INFO     | __main__:<module>:85 - Epoch 018, Loss: 0.2908, Test: 0.8619
2022-11-21 19:48:39.141 | INFO     | __main__:<module>:74 - 
Current test acc:, 0.8603
2022-11-21 19:48:39.141 | INFO     | __main__:<module>:75 - 
Current train acc:, 0.8721
2022-11-21 19:48:39.141 | INFO     | __main__:<module>:85 - Epoch 019, Loss: 0.2896, Test: 0.8603
2022-11-21 19:55:28.355 | INFO     | __main__:<module>:74 - 
Current test acc:, 0.8558
2022-11-21 19:55:28.355 | INFO     | __main__:<module>:75 - 
Current train acc:, 0.8735
2022-11-21 19:55:28.355 | INFO     | __main__:<module>:85 - Epoch 020, Loss: 0.2873, Test: 0.8558
2022-11-21 20:02:17.584 | INFO     | __main__:<module>:74 - 
Current test acc:, 0.8579
2022-11-21 20:02:17.584 | INFO     | __main__:<module>:75 - 
Current train acc:, 0.8750
2022-11-21 20:02:17.584 | INFO     | __main__:<module>:85 - Epoch 021, Loss: 0.2835, Test: 0.8579
2022-11-21 20:09:06.659 | INFO     | __main__:<module>:74 - 
Current test acc:, 0.8618
2022-11-21 20:09:06.659 | INFO     | __main__:<module>:75 - 
Current train acc:, 0.8762
2022-11-21 20:09:06.660 | INFO     | __main__:<module>:85 - Epoch 022, Loss: 0.2813, Test: 0.8618
2022-11-21 20:15:55.624 | INFO     | __main__:<module>:74 - 
Current test acc:, 0.8576
2022-11-21 20:15:55.624 | INFO     | __main__:<module>:75 - 
Current train acc:, 0.8772
2022-11-21 20:15:55.625 | INFO     | __main__:<module>:85 - Epoch 023, Loss: 0.2780, Test: 0.8576
2022-11-21 20:22:44.665 | INFO     | __main__:<module>:74 - 
Current test acc:, 0.8606
2022-11-21 20:22:44.665 | INFO     | __main__:<module>:75 - 
Current train acc:, 0.8786
2022-11-21 20:22:44.666 | INFO     | __main__:<module>:85 - Epoch 024, Loss: 0.2762, Test: 0.8606
2022-11-21 20:29:33.690 | INFO     | __main__:<module>:74 - 
Current test acc:, 0.8589
2022-11-21 20:29:33.690 | INFO     | __main__:<module>:75 - 
Current train acc:, 0.8783
2022-11-21 20:29:33.690 | INFO     | __main__:<module>:85 - Epoch 025, Loss: 0.2752, Test: 0.8589
2022-11-21 20:36:22.936 | INFO     | __main__:<module>:74 - 
Current test acc:, 0.8627
2022-11-21 20:36:22.936 | INFO     | __main__:<module>:75 - 
Current train acc:, 0.8800
2022-11-21 20:36:22.937 | INFO     | __main__:<module>:78 - 
Saving best model with accurracy  0.86 for epoch: 26

2022-11-21 20:36:22.963 | INFO     | __main__:<module>:85 - Epoch 026, Loss: 0.2717, Test: 0.8627
2022-11-21 20:43:12.163 | INFO     | __main__:<module>:74 - 
Current test acc:, 0.8548
2022-11-21 20:43:12.163 | INFO     | __main__:<module>:75 - 
Current train acc:, 0.8816
2022-11-21 20:43:12.163 | INFO     | __main__:<module>:85 - Epoch 027, Loss: 0.2690, Test: 0.8548
2022-11-21 20:50:01.521 | INFO     | __main__:<module>:74 - 
Current test acc:, 0.8588
2022-11-21 20:50:01.521 | INFO     | __main__:<module>:75 - 
Current train acc:, 0.8828
2022-11-21 20:50:01.521 | INFO     | __main__:<module>:85 - Epoch 028, Loss: 0.2660, Test: 0.8588
2022-11-21 20:56:50.829 | INFO     | __main__:<module>:74 - 
Current test acc:, 0.8597
2022-11-21 20:56:50.829 | INFO     | __main__:<module>:75 - 
Current train acc:, 0.8852
2022-11-21 20:56:50.829 | INFO     | __main__:<module>:85 - Epoch 029, Loss: 0.2619, Test: 0.8597
